[github.com/lhxlnsy/pap-go-server]2022/03/04 - 10:34:38.269	[35mdebug[0m	/home/jeffrey/Dropbox/pap-go-server/utils/directory.go:44	create directoryautocode_template/server/pAPSolar/api
[github.com/lhxlnsy/pap-go-server]2022/03/04 - 10:34:38.269	[35mdebug[0m	/home/jeffrey/Dropbox/pap-go-server/utils/directory.go:44	create directoryautocode_template/server/pAPSolar/model
[github.com/lhxlnsy/pap-go-server]2022/03/04 - 10:34:38.269	[35mdebug[0m	/home/jeffrey/Dropbox/pap-go-server/utils/directory.go:44	create directoryautocode_template/server/pAPSolar/request
[github.com/lhxlnsy/pap-go-server]2022/03/04 - 10:34:38.269	[35mdebug[0m	/home/jeffrey/Dropbox/pap-go-server/utils/directory.go:44	create directoryautocode_template/server/pAPSolar/router
[github.com/lhxlnsy/pap-go-server]2022/03/04 - 10:34:38.269	[35mdebug[0m	/home/jeffrey/Dropbox/pap-go-server/utils/directory.go:44	create directoryautocode_template/server/pAPSolar/service
[github.com/lhxlnsy/pap-go-server]2022/03/04 - 10:34:38.269	[35mdebug[0m	/home/jeffrey/Dropbox/pap-go-server/utils/directory.go:44	create directoryautocode_template/web/pAPSolar/api
[github.com/lhxlnsy/pap-go-server]2022/03/04 - 10:34:38.269	[35mdebug[0m	/home/jeffrey/Dropbox/pap-go-server/utils/directory.go:44	create directoryautocode_template/web/pAPSolar/form
[github.com/lhxlnsy/pap-go-server]2022/03/04 - 10:34:38.269	[35mdebug[0m	/home/jeffrey/Dropbox/pap-go-server/utils/directory.go:44	create directoryautocode_template/web/pAPSolar/table
[github.com/lhxlnsy/pap-go-server]2022/03/04 - 10:35:06.991	[35mdebug[0m	/home/jeffrey/Dropbox/pap-go-server/utils/directory.go:44	create directoryautocode_template/server/pAPSolar/api
[github.com/lhxlnsy/pap-go-server]2022/03/04 - 10:35:06.991	[35mdebug[0m	/home/jeffrey/Dropbox/pap-go-server/utils/directory.go:44	create directoryautocode_template/server/pAPSolar/model
[github.com/lhxlnsy/pap-go-server]2022/03/04 - 10:35:06.991	[35mdebug[0m	/home/jeffrey/Dropbox/pap-go-server/utils/directory.go:44	create directoryautocode_template/server/pAPSolar/request
[github.com/lhxlnsy/pap-go-server]2022/03/04 - 10:35:06.991	[35mdebug[0m	/home/jeffrey/Dropbox/pap-go-server/utils/directory.go:44	create directoryautocode_template/server/pAPSolar/router
[github.com/lhxlnsy/pap-go-server]2022/03/04 - 10:35:06.991	[35mdebug[0m	/home/jeffrey/Dropbox/pap-go-server/utils/directory.go:44	create directoryautocode_template/server/pAPSolar/service
[github.com/lhxlnsy/pap-go-server]2022/03/04 - 10:35:06.991	[35mdebug[0m	/home/jeffrey/Dropbox/pap-go-server/utils/directory.go:44	create directoryautocode_template/web/pAPSolar/api
[github.com/lhxlnsy/pap-go-server]2022/03/04 - 10:35:06.992	[35mdebug[0m	/home/jeffrey/Dropbox/pap-go-server/utils/directory.go:44	create directoryautocode_template/web/pAPSolar/form
[github.com/lhxlnsy/pap-go-server]2022/03/04 - 10:35:06.992	[35mdebug[0m	/home/jeffrey/Dropbox/pap-go-server/utils/directory.go:44	create directoryautocode_template/web/pAPSolar/table
[github.com/lhxlnsy/pap-go-server]2022/03/04 - 10:36:10.731	[35mdebug[0m	/home/jeffrey/Dropbox/pap-go-server/utils/directory.go:44	create directoryautocode_template/server/pAPSolar/api
[github.com/lhxlnsy/pap-go-server]2022/03/04 - 10:36:10.731	[35mdebug[0m	/home/jeffrey/Dropbox/pap-go-server/utils/directory.go:44	create directoryautocode_template/server/pAPSolar/model
[github.com/lhxlnsy/pap-go-server]2022/03/04 - 10:36:10.731	[35mdebug[0m	/home/jeffrey/Dropbox/pap-go-server/utils/directory.go:44	create directoryautocode_template/server/pAPSolar/request
[github.com/lhxlnsy/pap-go-server]2022/03/04 - 10:36:10.731	[35mdebug[0m	/home/jeffrey/Dropbox/pap-go-server/utils/directory.go:44	create directoryautocode_template/server/pAPSolar/router
[github.com/lhxlnsy/pap-go-server]2022/03/04 - 10:36:10.731	[35mdebug[0m	/home/jeffrey/Dropbox/pap-go-server/utils/directory.go:44	create directoryautocode_template/server/pAPSolar/service
[github.com/lhxlnsy/pap-go-server]2022/03/04 - 10:36:10.731	[35mdebug[0m	/home/jeffrey/Dropbox/pap-go-server/utils/directory.go:44	create directoryautocode_template/web/pAPSolar/api
[github.com/lhxlnsy/pap-go-server]2022/03/04 - 10:36:10.731	[35mdebug[0m	/home/jeffrey/Dropbox/pap-go-server/utils/directory.go:44	create directoryautocode_template/web/pAPSolar/form
[github.com/lhxlnsy/pap-go-server]2022/03/04 - 10:36:10.731	[35mdebug[0m	/home/jeffrey/Dropbox/pap-go-server/utils/directory.go:44	create directoryautocode_template/web/pAPSolar/table
[github.com/lhxlnsy/pap-go-server]2022/03/10 - 11:24:28.860	[35mdebug[0m	/home/jeffrey/Dropbox/pap-go-server/utils/directory.go:44	create directoryautocode_template/server/errorCodeStatus/api
[github.com/lhxlnsy/pap-go-server]2022/03/10 - 11:24:28.860	[35mdebug[0m	/home/jeffrey/Dropbox/pap-go-server/utils/directory.go:44	create directoryautocode_template/server/errorCodeStatus/model
[github.com/lhxlnsy/pap-go-server]2022/03/10 - 11:24:28.860	[35mdebug[0m	/home/jeffrey/Dropbox/pap-go-server/utils/directory.go:44	create directoryautocode_template/server/errorCodeStatus/request
[github.com/lhxlnsy/pap-go-server]2022/03/10 - 11:24:28.860	[35mdebug[0m	/home/jeffrey/Dropbox/pap-go-server/utils/directory.go:44	create directoryautocode_template/server/errorCodeStatus/router
[github.com/lhxlnsy/pap-go-server]2022/03/10 - 11:24:28.860	[35mdebug[0m	/home/jeffrey/Dropbox/pap-go-server/utils/directory.go:44	create directoryautocode_template/server/errorCodeStatus/service
[github.com/lhxlnsy/pap-go-server]2022/03/10 - 11:24:28.860	[35mdebug[0m	/home/jeffrey/Dropbox/pap-go-server/utils/directory.go:44	create directoryautocode_template/web/errorCodeStatus/api
[github.com/lhxlnsy/pap-go-server]2022/03/10 - 11:24:28.860	[35mdebug[0m	/home/jeffrey/Dropbox/pap-go-server/utils/directory.go:44	create directoryautocode_template/web/errorCodeStatus/form
[github.com/lhxlnsy/pap-go-server]2022/03/10 - 11:24:28.860	[35mdebug[0m	/home/jeffrey/Dropbox/pap-go-server/utils/directory.go:44	create directoryautocode_template/web/errorCodeStatus/table
[github.com/lhxlnsy/pap-go-server]2022/03/10 - 11:26:33.647	[35mdebug[0m	/home/jeffrey/Dropbox/pap-go-server/utils/directory.go:44	create directoryautocode_template/server/errorCodeStatus/api
[github.com/lhxlnsy/pap-go-server]2022/03/10 - 11:26:33.647	[35mdebug[0m	/home/jeffrey/Dropbox/pap-go-server/utils/directory.go:44	create directoryautocode_template/server/errorCodeStatus/model
[github.com/lhxlnsy/pap-go-server]2022/03/10 - 11:26:33.647	[35mdebug[0m	/home/jeffrey/Dropbox/pap-go-server/utils/directory.go:44	create directoryautocode_template/server/errorCodeStatus/request
[github.com/lhxlnsy/pap-go-server]2022/03/10 - 11:26:33.647	[35mdebug[0m	/home/jeffrey/Dropbox/pap-go-server/utils/directory.go:44	create directoryautocode_template/server/errorCodeStatus/router
[github.com/lhxlnsy/pap-go-server]2022/03/10 - 11:26:33.647	[35mdebug[0m	/home/jeffrey/Dropbox/pap-go-server/utils/directory.go:44	create directoryautocode_template/server/errorCodeStatus/service
[github.com/lhxlnsy/pap-go-server]2022/03/10 - 11:26:33.647	[35mdebug[0m	/home/jeffrey/Dropbox/pap-go-server/utils/directory.go:44	create directoryautocode_template/web/errorCodeStatus/api
[github.com/lhxlnsy/pap-go-server]2022/03/10 - 11:26:33.647	[35mdebug[0m	/home/jeffrey/Dropbox/pap-go-server/utils/directory.go:44	create directoryautocode_template/web/errorCodeStatus/form
[github.com/lhxlnsy/pap-go-server]2022/03/10 - 11:26:33.647	[35mdebug[0m	/home/jeffrey/Dropbox/pap-go-server/utils/directory.go:44	create directoryautocode_template/web/errorCodeStatus/table
[github.com/lhxlnsy/pap-go-server]2022/03/10 - 11:26:43.533	[35mdebug[0m	/home/jeffrey/Dropbox/pap-go-server/utils/directory.go:44	create directoryautocode_template/server/errorCodeStatus/api
[github.com/lhxlnsy/pap-go-server]2022/03/10 - 11:26:43.533	[35mdebug[0m	/home/jeffrey/Dropbox/pap-go-server/utils/directory.go:44	create directoryautocode_template/server/errorCodeStatus/model
[github.com/lhxlnsy/pap-go-server]2022/03/10 - 11:26:43.533	[35mdebug[0m	/home/jeffrey/Dropbox/pap-go-server/utils/directory.go:44	create directoryautocode_template/server/errorCodeStatus/request
[github.com/lhxlnsy/pap-go-server]2022/03/10 - 11:26:43.533	[35mdebug[0m	/home/jeffrey/Dropbox/pap-go-server/utils/directory.go:44	create directoryautocode_template/server/errorCodeStatus/router
[github.com/lhxlnsy/pap-go-server]2022/03/10 - 11:26:43.533	[35mdebug[0m	/home/jeffrey/Dropbox/pap-go-server/utils/directory.go:44	create directoryautocode_template/server/errorCodeStatus/service
[github.com/lhxlnsy/pap-go-server]2022/03/10 - 11:26:43.533	[35mdebug[0m	/home/jeffrey/Dropbox/pap-go-server/utils/directory.go:44	create directoryautocode_template/web/errorCodeStatus/api
[github.com/lhxlnsy/pap-go-server]2022/03/10 - 11:26:43.533	[35mdebug[0m	/home/jeffrey/Dropbox/pap-go-server/utils/directory.go:44	create directoryautocode_template/web/errorCodeStatus/form
[github.com/lhxlnsy/pap-go-server]2022/03/10 - 11:26:43.533	[35mdebug[0m	/home/jeffrey/Dropbox/pap-go-server/utils/directory.go:44	create directoryautocode_template/web/errorCodeStatus/table
[github.com/lhxlnsy/pap-go-server]2022/03/10 - 11:27:12.126	[35mdebug[0m	/home/jeffrey/Dropbox/pap-go-server/utils/directory.go:44	create directoryautocode_template/server/errorCodeStatus/api
[github.com/lhxlnsy/pap-go-server]2022/03/10 - 11:27:12.126	[35mdebug[0m	/home/jeffrey/Dropbox/pap-go-server/utils/directory.go:44	create directoryautocode_template/server/errorCodeStatus/model
[github.com/lhxlnsy/pap-go-server]2022/03/10 - 11:27:12.126	[35mdebug[0m	/home/jeffrey/Dropbox/pap-go-server/utils/directory.go:44	create directoryautocode_template/server/errorCodeStatus/request
[github.com/lhxlnsy/pap-go-server]2022/03/10 - 11:27:12.126	[35mdebug[0m	/home/jeffrey/Dropbox/pap-go-server/utils/directory.go:44	create directoryautocode_template/server/errorCodeStatus/router
[github.com/lhxlnsy/pap-go-server]2022/03/10 - 11:27:12.126	[35mdebug[0m	/home/jeffrey/Dropbox/pap-go-server/utils/directory.go:44	create directoryautocode_template/server/errorCodeStatus/service
[github.com/lhxlnsy/pap-go-server]2022/03/10 - 11:27:12.126	[35mdebug[0m	/home/jeffrey/Dropbox/pap-go-server/utils/directory.go:44	create directoryautocode_template/web/errorCodeStatus/api
[github.com/lhxlnsy/pap-go-server]2022/03/10 - 11:27:12.126	[35mdebug[0m	/home/jeffrey/Dropbox/pap-go-server/utils/directory.go:44	create directoryautocode_template/web/errorCodeStatus/form
[github.com/lhxlnsy/pap-go-server]2022/03/10 - 11:27:12.126	[35mdebug[0m	/home/jeffrey/Dropbox/pap-go-server/utils/directory.go:44	create directoryautocode_template/web/errorCodeStatus/table
[github.com/lhxlnsy/pap-go-server]2022/03/15 - 11:09:46.108	[35mdebug[0m	/home/jeffrey/Dropbox/pap-go-server/utils/directory.go:44	create directoryautocode_template/server/siteInformation/api
[github.com/lhxlnsy/pap-go-server]2022/03/15 - 11:09:46.109	[35mdebug[0m	/home/jeffrey/Dropbox/pap-go-server/utils/directory.go:44	create directoryautocode_template/server/siteInformation/model
[github.com/lhxlnsy/pap-go-server]2022/03/15 - 11:09:46.109	[35mdebug[0m	/home/jeffrey/Dropbox/pap-go-server/utils/directory.go:44	create directoryautocode_template/server/siteInformation/request
[github.com/lhxlnsy/pap-go-server]2022/03/15 - 11:09:46.109	[35mdebug[0m	/home/jeffrey/Dropbox/pap-go-server/utils/directory.go:44	create directoryautocode_template/server/siteInformation/router
[github.com/lhxlnsy/pap-go-server]2022/03/15 - 11:09:46.109	[35mdebug[0m	/home/jeffrey/Dropbox/pap-go-server/utils/directory.go:44	create directoryautocode_template/server/siteInformation/service
[github.com/lhxlnsy/pap-go-server]2022/03/15 - 11:09:46.109	[35mdebug[0m	/home/jeffrey/Dropbox/pap-go-server/utils/directory.go:44	create directoryautocode_template/web/siteInformation/api
[github.com/lhxlnsy/pap-go-server]2022/03/15 - 11:09:46.109	[35mdebug[0m	/home/jeffrey/Dropbox/pap-go-server/utils/directory.go:44	create directoryautocode_template/web/siteInformation/form
[github.com/lhxlnsy/pap-go-server]2022/03/15 - 11:09:46.109	[35mdebug[0m	/home/jeffrey/Dropbox/pap-go-server/utils/directory.go:44	create directoryautocode_template/web/siteInformation/table
[github.com/lhxlnsy/pap-go-server]2022/03/31 - 09:13:10.773	[35mdebug[0m	/home/jeffrey/Dropbox/pap-go-server/utils/directory.go:44	create directoryautocode_template/server/siteInformation/api
[github.com/lhxlnsy/pap-go-server]2022/03/31 - 09:13:10.777	[35mdebug[0m	/home/jeffrey/Dropbox/pap-go-server/utils/directory.go:44	create directoryautocode_template/server/siteInformation/model
[github.com/lhxlnsy/pap-go-server]2022/03/31 - 09:13:10.777	[35mdebug[0m	/home/jeffrey/Dropbox/pap-go-server/utils/directory.go:44	create directoryautocode_template/server/siteInformation/request
[github.com/lhxlnsy/pap-go-server]2022/03/31 - 09:13:10.777	[35mdebug[0m	/home/jeffrey/Dropbox/pap-go-server/utils/directory.go:44	create directoryautocode_template/server/siteInformation/router
[github.com/lhxlnsy/pap-go-server]2022/03/31 - 09:13:10.777	[35mdebug[0m	/home/jeffrey/Dropbox/pap-go-server/utils/directory.go:44	create directoryautocode_template/server/siteInformation/service
[github.com/lhxlnsy/pap-go-server]2022/03/31 - 09:13:10.777	[35mdebug[0m	/home/jeffrey/Dropbox/pap-go-server/utils/directory.go:44	create directoryautocode_template/web/siteInformation/api
[github.com/lhxlnsy/pap-go-server]2022/03/31 - 09:13:10.777	[35mdebug[0m	/home/jeffrey/Dropbox/pap-go-server/utils/directory.go:44	create directoryautocode_template/web/siteInformation/form
[github.com/lhxlnsy/pap-go-server]2022/03/31 - 09:13:10.777	[35mdebug[0m	/home/jeffrey/Dropbox/pap-go-server/utils/directory.go:44	create directoryautocode_template/web/siteInformation/table
[github.com/lhxlnsy/pap-go-server]2022/04/04 - 09:52:09.368	[35mdebug[0m	/home/jeffrey/Dropbox/pap-go-server/utils/directory.go:44	create directoryautocode_template/server/siteInformation/api
[github.com/lhxlnsy/pap-go-server]2022/04/04 - 09:52:09.368	[35mdebug[0m	/home/jeffrey/Dropbox/pap-go-server/utils/directory.go:44	create directoryautocode_template/server/siteInformation/model
[github.com/lhxlnsy/pap-go-server]2022/04/04 - 09:52:09.368	[35mdebug[0m	/home/jeffrey/Dropbox/pap-go-server/utils/directory.go:44	create directoryautocode_template/server/siteInformation/request
[github.com/lhxlnsy/pap-go-server]2022/04/04 - 09:52:09.368	[35mdebug[0m	/home/jeffrey/Dropbox/pap-go-server/utils/directory.go:44	create directoryautocode_template/server/siteInformation/router
[github.com/lhxlnsy/pap-go-server]2022/04/04 - 09:52:09.368	[35mdebug[0m	/home/jeffrey/Dropbox/pap-go-server/utils/directory.go:44	create directoryautocode_template/server/siteInformation/service
[github.com/lhxlnsy/pap-go-server]2022/04/04 - 09:52:09.368	[35mdebug[0m	/home/jeffrey/Dropbox/pap-go-server/utils/directory.go:44	create directoryautocode_template/web/siteInformation/api
[github.com/lhxlnsy/pap-go-server]2022/04/04 - 09:52:09.368	[35mdebug[0m	/home/jeffrey/Dropbox/pap-go-server/utils/directory.go:44	create directoryautocode_template/web/siteInformation/form
[github.com/lhxlnsy/pap-go-server]2022/04/04 - 09:52:09.368	[35mdebug[0m	/home/jeffrey/Dropbox/pap-go-server/utils/directory.go:44	create directoryautocode_template/web/siteInformation/table
[github.com/lhxlnsy/pap-go-server]2022/04/04 - 09:52:23.233	[35mdebug[0m	/home/jeffrey/Dropbox/pap-go-server/utils/directory.go:44	create directoryautocode_template/server/siteInformation/api
[github.com/lhxlnsy/pap-go-server]2022/04/04 - 09:52:23.234	[35mdebug[0m	/home/jeffrey/Dropbox/pap-go-server/utils/directory.go:44	create directoryautocode_template/server/siteInformation/model
[github.com/lhxlnsy/pap-go-server]2022/04/04 - 09:52:23.234	[35mdebug[0m	/home/jeffrey/Dropbox/pap-go-server/utils/directory.go:44	create directoryautocode_template/server/siteInformation/request
[github.com/lhxlnsy/pap-go-server]2022/04/04 - 09:52:23.234	[35mdebug[0m	/home/jeffrey/Dropbox/pap-go-server/utils/directory.go:44	create directoryautocode_template/server/siteInformation/router
[github.com/lhxlnsy/pap-go-server]2022/04/04 - 09:52:23.234	[35mdebug[0m	/home/jeffrey/Dropbox/pap-go-server/utils/directory.go:44	create directoryautocode_template/server/siteInformation/service
[github.com/lhxlnsy/pap-go-server]2022/04/04 - 09:52:23.234	[35mdebug[0m	/home/jeffrey/Dropbox/pap-go-server/utils/directory.go:44	create directoryautocode_template/web/siteInformation/api
[github.com/lhxlnsy/pap-go-server]2022/04/04 - 09:52:23.234	[35mdebug[0m	/home/jeffrey/Dropbox/pap-go-server/utils/directory.go:44	create directoryautocode_template/web/siteInformation/form
[github.com/lhxlnsy/pap-go-server]2022/04/04 - 09:52:23.234	[35mdebug[0m	/home/jeffrey/Dropbox/pap-go-server/utils/directory.go:44	create directoryautocode_template/web/siteInformation/table
